[debug] [2025-06-12T18:51:33.777Z] ----------------------------------------------------------------------
[debug] [2025-06-12T18:51:33.779Z] Command:       C:\Program Files\nodejs\node.exe C:\Users\hp\AppData\Roaming\npm\node_modules\firebase-tools\lib\bin\firebase.js init
[debug] [2025-06-12T18:51:33.779Z] CLI Version:   14.7.0
[debug] [2025-06-12T18:51:33.779Z] Platform:      win32
[debug] [2025-06-12T18:51:33.780Z] Node Version:  v22.16.0
[debug] [2025-06-12T18:51:33.780Z] Time:          Fri Jun 13 2025 00:21:33 GMT+0530 (India Standard Time)
[debug] [2025-06-12T18:51:33.780Z] ----------------------------------------------------------------------
[debug] 
[debug] [2025-06-12T18:51:33.784Z] > command requires scopes: ["email","openid","https://www.googleapis.com/auth/cloudplatformprojects.readonly","https://www.googleapis.com/auth/firebase","https://www.googleapis.com/auth/cloud-platform"]
[debug] [2025-06-12T18:51:33.784Z] > authorizing via signed-in user (sahilpoply28@gmail.com)
[info] 
     ######## #### ########  ######## ########     ###     ######  ########
     ##        ##  ##     ## ##       ##     ##  ##   ##  ##       ##
     ######    ##  ########  ######   ########  #########  ######  ######
     ##        ##  ##    ##  ##       ##     ## ##     ##       ## ##
     ##       #### ##     ## ######## ########  ##     ##  ######  ########

You're about to initialize a Firebase project in this directory:

  C:\Users\hp\OneDrive\Desktop\Moodsense

[info] 
=== Project Setup
[info] 
[info] First, let's associate this project directory with a Firebase project.
[info] You can create multiple project aliases by running firebase use --add, 
[info] but for now we'll just set up a default project.
[info] 
[debug] [2025-06-12T18:51:52.354Z] Checked if tokens are valid: true, expires at: 1749757776185
[debug] [2025-06-12T18:51:52.354Z] Checked if tokens are valid: true, expires at: 1749757776185
[debug] [2025-06-12T18:51:52.357Z] >>> [apiv2][query] GET https://firebase.googleapis.com/v1beta1/projects pageSize=100
[debug] [2025-06-12T18:51:53.821Z] <<< [apiv2][status] GET https://firebase.googleapis.com/v1beta1/projects 200
[debug] [2025-06-12T18:51:53.821Z] <<< [apiv2][body] GET https://firebase.googleapis.com/v1beta1/projects [omitted]
[info] i  Using project moodsense-app-c37f0 (Moodsense-app) 
[info] 
=== Firestore Setup
[info] i  firestore: ensuring required API firestore.googleapis.com is enabled... 
[debug] [2025-06-12T18:51:57.027Z] Checked if tokens are valid: true, expires at: 1749757776185
[debug] [2025-06-12T18:51:57.027Z] Checked if tokens are valid: true, expires at: 1749757776185
[debug] [2025-06-12T18:51:57.028Z] >>> [apiv2][query] GET https://serviceusage.googleapis.com/v1/projects/moodsense-app-c37f0/services/firestore.googleapis.com [none]
[debug] [2025-06-12T18:51:57.028Z] >>> [apiv2][(partial)header] GET https://serviceusage.googleapis.com/v1/projects/moodsense-app-c37f0/services/firestore.googleapis.com x-goog-quota-user=projects/moodsense-app-c37f0
[debug] [2025-06-12T18:51:59.347Z] <<< [apiv2][status] GET https://serviceusage.googleapis.com/v1/projects/moodsense-app-c37f0/services/firestore.googleapis.com 200
[debug] [2025-06-12T18:51:59.347Z] <<< [apiv2][body] GET https://serviceusage.googleapis.com/v1/projects/moodsense-app-c37f0/services/firestore.googleapis.com [omitted]
[warn] !  firestore: missing required API firestore.googleapis.com. Enabling now... 
[debug] [2025-06-12T18:51:59.349Z] Checked if tokens are valid: true, expires at: 1749757776185
[debug] [2025-06-12T18:51:59.349Z] Checked if tokens are valid: true, expires at: 1749757776185
[debug] [2025-06-12T18:51:59.349Z] >>> [apiv2][query] POST https://serviceusage.googleapis.com/v1/projects/moodsense-app-c37f0/services/firestore.googleapis.com:enable [none]
[debug] [2025-06-12T18:51:59.349Z] >>> [apiv2][(partial)header] POST https://serviceusage.googleapis.com/v1/projects/moodsense-app-c37f0/services/firestore.googleapis.com:enable x-goog-quota-user=projects/moodsense-app-c37f0
[debug] [2025-06-12T18:51:59.956Z] <<< [apiv2][status] POST https://serviceusage.googleapis.com/v1/projects/moodsense-app-c37f0/services/firestore.googleapis.com:enable 200
[debug] [2025-06-12T18:51:59.956Z] <<< [apiv2][body] POST https://serviceusage.googleapis.com/v1/projects/moodsense-app-c37f0/services/firestore.googleapis.com:enable [omitted]
[debug] [2025-06-12T18:52:09.963Z] Checked if tokens are valid: true, expires at: 1749757776185
[debug] [2025-06-12T18:52:09.963Z] Checked if tokens are valid: true, expires at: 1749757776185
[debug] [2025-06-12T18:52:09.964Z] >>> [apiv2][query] GET https://serviceusage.googleapis.com/v1/projects/moodsense-app-c37f0/services/firestore.googleapis.com [none]
[debug] [2025-06-12T18:52:09.964Z] >>> [apiv2][(partial)header] GET https://serviceusage.googleapis.com/v1/projects/moodsense-app-c37f0/services/firestore.googleapis.com x-goog-quota-user=projects/moodsense-app-c37f0
[debug] [2025-06-12T18:52:12.561Z] <<< [apiv2][status] GET https://serviceusage.googleapis.com/v1/projects/moodsense-app-c37f0/services/firestore.googleapis.com 200
[debug] [2025-06-12T18:52:12.562Z] <<< [apiv2][body] GET https://serviceusage.googleapis.com/v1/projects/moodsense-app-c37f0/services/firestore.googleapis.com [omitted]
[info] +  firestore: required API firestore.googleapis.com is enabled 
[debug] [2025-06-12T18:52:12.567Z] Checked if tokens are valid: true, expires at: 1749757776185
[debug] [2025-06-12T18:52:12.567Z] Checked if tokens are valid: true, expires at: 1749757776185
[debug] [2025-06-12T18:52:12.568Z] >>> [apiv2][query] GET https://firestore.googleapis.com/v1/projects/moodsense-app-c37f0/databases [none]
[debug] [2025-06-12T18:52:13.571Z] <<< [apiv2][status] GET https://firestore.googleapis.com/v1/projects/moodsense-app-c37f0/databases 200
[debug] [2025-06-12T18:52:13.572Z] <<< [apiv2][body] GET https://firestore.googleapis.com/v1/projects/moodsense-app-c37f0/databases {}
[debug] [2025-06-12T18:52:13.572Z] Checked if tokens are valid: true, expires at: 1749757776185
[debug] [2025-06-12T18:52:13.572Z] Checked if tokens are valid: true, expires at: 1749757776185
[debug] [2025-06-12T18:52:13.572Z] >>> [apiv2][query] GET https://firestore.googleapis.com/v1/projects/moodsense-app-c37f0/locations [none]
[debug] [2025-06-12T18:52:13.753Z] <<< [apiv2][status] GET https://firestore.googleapis.com/v1/projects/moodsense-app-c37f0/locations 200
[debug] [2025-06-12T18:52:13.754Z] <<< [apiv2][body] GET https://firestore.googleapis.com/v1/projects/moodsense-app-c37f0/locations {"locations":[{"name":"projects/moodsense-app-c37f0/locations/eur3","labels":{"appengine.googleapis.com/geo":"europe-west","cloud.googleapis.com/location":"eur3","cloud.googleapis.com/geo":"eur3"},"metadata":{"@type":"type.googleapis.com/google.firestore.admin.v1.LocationMetadata"},"locationId":"eur3","displayName":"Europe"},{"name":"projects/moodsense-app-c37f0/locations/nam5","labels":{"appengine.googleapis.com/geo":"us-central","cloud.googleapis.com/location":"nam5","cloud.googleapis.com/geo":"nam5"},"metadata":{"@type":"type.googleapis.com/google.firestore.admin.v1.LocationMetadata"},"locationId":"nam5","displayName":"United States"},{"name":"projects/moodsense-app-c37f0/locations/nam7","labels":{"cloud.googleapis.com/location":"nam7","cloud.googleapis.com/geo":"nam7"},"metadata":{"@type":"type.googleapis.com/google.firestore.admin.v1.LocationMetadata"},"locationId":"nam7","displayName":"United States"},{"name":"projects/moodsense-app-c37f0/locations/africa-south1","labels":{"cloud.googleapis.com/location":"africa-south1","cloud.googleapis.com/region":"africa-south1"},"metadata":{"@type":"type.googleapis.com/google.firestore.admin.v1.LocationMetadata"},"locationId":"africa-south1","displayName":"Johannesburg"},{"name":"projects/moodsense-app-c37f0/locations/asia-east1","labels":{"appengine.googleapis.com/region":"asia-east1","cloud.googleapis.com/location":"asia-east1","cloud.googleapis.com/region":"asia-east1"},"metadata":{"@type":"type.googleapis.com/google.firestore.admin.v1.LocationMetadata"},"locationId":"asia-east1","displayName":"Taiwan"},{"name":"projects/moodsense-app-c37f0/locations/asia-east2","labels":{"appengine.googleapis.com/region":"asia-east2","cloud.googleapis.com/location":"asia-east2","cloud.googleapis.com/region":"asia-east2"},"metadata":{"@type":"type.googleapis.com/google.firestore.admin.v1.LocationMetadata"},"locationId":"asia-east2","displayName":"Hong Kong"},{"name":"projects/moodsense-app-c37f0/locations/asia-northeast1","labels":{"appengine.googleapis.com/region":"asia-northeast1","cloud.googleapis.com/location":"asia-northeast1","cloud.googleapis.com/region":"asia-northeast1"},"metadata":{"@type":"type.googleapis.com/google.firestore.admin.v1.LocationMetadata"},"locationId":"asia-northeast1","displayName":"Tokyo"},{"name":"projects/moodsense-app-c37f0/locations/asia-northeast2","labels":{"appengine.googleapis.com/region":"asia-northeast2","cloud.googleapis.com/location":"asia-northeast2","cloud.googleapis.com/region":"asia-northeast2"},"metadata":{"@type":"type.googleapis.com/google.firestore.admin.v1.LocationMetadata"},"locationId":"asia-northeast2","displayName":"Osaka"},{"name":"projects/moodsense-app-c37f0/locations/asia-northeast3","labels":{"appengine.googleapis.com/region":"asia-northeast3","cloud.googleapis.com/location":"asia-northeast3","cloud.googleapis.com/region":"asia-northeast3"},"metadata":{"@type":"type.googleapis.com/google.firestore.admin.v1.LocationMetadata"},"locationId":"asia-northeast3","displayName":"Seoul"},{"name":"projects/moodsense-app-c37f0/locations/asia-south1","labels":{"appengine.googleapis.com/region":"asia-south1","cloud.googleapis.com/location":"asia-south1","cloud.googleapis.com/region":"asia-south1"},"metadata":{"@type":"type.googleapis.com/google.firestore.admin.v1.LocationMetadata"},"locationId":"asia-south1","displayName":"Mumbai"},{"name":"projects/moodsense-app-c37f0/locations/asia-south2","labels":{"cloud.googleapis.com/location":"asia-south2","cloud.googleapis.com/region":"asia-south2"},"metadata":{"@type":"type.googleapis.com/google.firestore.admin.v1.LocationMetadata"},"locationId":"asia-south2","displayName":"Delhi"},{"name":"projects/moodsense-app-c37f0/locations/asia-southeast1","labels":{"appengine.googleapis.com/region":"asia-southeast1","cloud.googleapis.com/location":"asia-southeast1","cloud.googleapis.com/region":"asia-southeast1"},"metadata":{"@type":"type.googleapis.com/google.firestore.admin.v1.LocationMetadata"},"locationId":"asia-southeast1","displayName":"Singapore"},{"name":"projects/moodsense-app-c37f0/locations/asia-southeast2","labels":{"appengine.googleapis.com/region":"asia-southeast2","cloud.googleapis.com/location":"asia-southeast2","cloud.googleapis.com/region":"asia-southeast2"},"metadata":{"@type":"type.googleapis.com/google.firestore.admin.v1.LocationMetadata"},"locationId":"asia-southeast2","displayName":"Jakarta"},{"name":"projects/moodsense-app-c37f0/locations/australia-southeast1","labels":{"appengine.googleapis.com/region":"australia-southeast1","cloud.googleapis.com/location":"australia-southeast1","cloud.googleapis.com/region":"australia-southeast1"},"metadata":{"@type":"type.googleapis.com/google.firestore.admin.v1.LocationMetadata"},"locationId":"australia-southeast1","displayName":"Sydney"},{"name":"projects/moodsense-app-c37f0/locations/australia-southeast2","labels":{"cloud.googleapis.com/location":"australia-southeast2","cloud.googleapis.com/region":"australia-southeast2"},"metadata":{"@type":"type.googleapis.com/google.firestore.admin.v1.LocationMetadata"},"locationId":"australia-southeast2","displayName":"Melbourne"},{"name":"projects/moodsense-app-c37f0/locations/europe-central2","labels":{"appengine.googleapis.com/region":"europe-central2","cloud.googleapis.com/location":"europe-central2","cloud.googleapis.com/region":"europe-central2"},"metadata":{"@type":"type.googleapis.com/google.firestore.admin.v1.LocationMetadata"},"locationId":"europe-central2","displayName":"Warsaw"},{"name":"projects/moodsense-app-c37f0/locations/europe-north1","labels":{"cloud.googleapis.com/location":"europe-north1","cloud.googleapis.com/region":"europe-north1"},"metadata":{"@type":"type.googleapis.com/google.firestore.admin.v1.LocationMetadata"},"locationId":"europe-north1","displayName":"Finland"},{"name":"projects/moodsense-app-c37f0/locations/europe-north2","labels":{"cloud.googleapis.com/location":"europe-north2","cloud.googleapis.com/region":"europe-north2"},"metadata":{"@type":"type.googleapis.com/google.firestore.admin.v1.LocationMetadata"},"locationId":"europe-north2","displayName":"Stockholm"},{"name":"projects/moodsense-app-c37f0/locations/europe-southwest1","labels":{"cloud.googleapis.com/location":"europe-southwest1","cloud.googleapis.com/region":"europe-southwest1"},"metadata":{"@type":"type.googleapis.com/google.firestore.admin.v1.LocationMetadata"},"locationId":"europe-southwest1","displayName":"Madrid"},{"name":"projects/moodsense-app-c37f0/locations/europe-west1","labels":{"cloud.googleapis.com/location":"europe-west1","cloud.googleapis.com/region":"europe-west1"},"metadata":{"@type":"type.googleapis.com/google.firestore.admin.v1.LocationMetadata"},"locationId":"europe-west1","displayName":"Belgium"},{"name":"projects/moodsense-app-c37f0/locations/europe-west10","labels":{"cloud.googleapis.com/location":"europe-west10","cloud.googleapis.com/region":"europe-west10"},"metadata":{"@type":"type.googleapis.com/google.firestore.admin.v1.LocationMetadata"},"locationId":"europe-west10","displayName":"Berlin"},{"name":"projects/moodsense-app-c37f0/locations/europe-west12","labels":{"cloud.googleapis.com/location":"europe-west12","cloud.googleapis.com/region":"europe-west12"},"metadata":{"@type":"type.googleapis.com/google.firestore.admin.v1.LocationMetadata"},"locationId":"europe-west12","displayName":"Turin"},{"name":"projects/moodsense-app-c37f0/locations/europe-west2","labels":{"appengine.googleapis.com/region":"europe-west2","cloud.googleapis.com/location":"europe-west2","cloud.googleapis.com/region":"europe-west2"},"metadata":{"@type":"type.googleapis.com/google.firestore.admin.v1.LocationMetadata"},"locationId":"europe-west2","displayName":"London"},{"name":"projects/moodsense-app-c37f0/locations/europe-west3","labels":{"appengine.googleapis.com/region":"europe-west3","cloud.googleapis.com/location":"europe-west3","cloud.googleapis.com/region":"europe-west3"},"metadata":{"@type":"type.googleapis.com/google.firestore.admin.v1.LocationMetadata"},"locationId":"europe-west3","displayName":"Frankfurt"},{"name":"projects/moodsense-app-c37f0/locations/europe-west4","labels":{"cloud.googleapis.com/location":"europe-west4","cloud.googleapis.com/region":"europe-west4"},"metadata":{"@type":"type.googleapis.com/google.firestore.admin.v1.LocationMetadata"},"locationId":"europe-west4","displayName":"Netherlands"},{"name":"projects/moodsense-app-c37f0/locations/europe-west6","labels":{"appengine.googleapis.com/region":"europe-west6","cloud.googleapis.com/location":"europe-west6","cloud.googleapis.com/region":"europe-west6"},"metadata":{"@type":"type.googleapis.com/google.firestore.admin.v1.LocationMetadata"},"locationId":"europe-west6","displayName":"Zurich"},{"name":"projects/moodsense-app-c37f0/locations/europe-west8","labels":{"cloud.googleapis.com/location":"europe-west8","cloud.googleapis.com/region":"europe-west8"},"metadata":{"@type":"type.googleapis.com/google.firestore.admin.v1.LocationMetadata"},"locationId":"europe-west8","displayName":"Milan"},{"name":"projects/moodsense-app-c37f0/locations/europe-west9","labels":{"cloud.googleapis.com/location":"europe-west9","cloud.googleapis.com/region":"europe-west9"},"metadata":{"@type":"type.googleapis.com/google.firestore.admin.v1.LocationMetadata"},"locationId":"europe-west9","displayName":"Paris"},{"name":"projects/moodsense-app-c37f0/locations/me-central1","labels":{"cloud.googleapis.com/location":"me-central1","cloud.googleapis.com/region":"me-central1"},"metadata":{"@type":"type.googleapis.com/google.firestore.admin.v1.LocationMetadata"},"locationId":"me-central1","displayName":"Doha"},{"name":"projects/moodsense-app-c37f0/locations/me-central2","labels":{"cloud.googleapis.com/location":"me-central2","cloud.googleapis.com/region":"me-central2"},"metadata":{"@type":"type.googleapis.com/google.firestore.admin.v1.LocationMetadata"},"locationId":"me-central2","displayName":"Dammam"},{"name":"projects/moodsense-app-c37f0/locations/me-west1","labels":{"cloud.googleapis.com/location":"me-west1","cloud.googleapis.com/region":"me-west1"},"metadata":{"@type":"type.googleapis.com/google.firestore.admin.v1.LocationMetadata"},"locationId":"me-west1","displayName":"Tel Aviv"},{"name":"projects/moodsense-app-c37f0/locations/northamerica-northeast1","labels":{"appengine.googleapis.com/region":"northamerica-northeast1","cloud.googleapis.com/location":"northamerica-northeast1","cloud.googleapis.com/region":"northamerica-northeast1"},"metadata":{"@type":"type.googleapis.com/google.firestore.admin.v1.LocationMetadata"},"locationId":"northamerica-northeast1","displayName":"Montréal"},{"name":"projects/moodsense-app-c37f0/locations/northamerica-northeast2","labels":{"cloud.googleapis.com/location":"northamerica-northeast2","cloud.googleapis.com/region":"northamerica-northeast2"},"metadata":{"@type":"type.googleapis.com/google.firestore.admin.v1.LocationMetadata"},"locationId":"northamerica-northeast2","displayName":"Toronto"},{"name":"projects/moodsense-app-c37f0/locations/northamerica-south1","labels":{"cloud.googleapis.com/location":"northamerica-south1","cloud.googleapis.com/region":"northamerica-south1"},"metadata":{"@type":"type.googleapis.com/google.firestore.admin.v1.LocationMetadata"},"locationId":"northamerica-south1","displayName":"Mexico"},{"name":"projects/moodsense-app-c37f0/locations/southamerica-east1","labels":{"appengine.googleapis.com/region":"southamerica-east1","cloud.googleapis.com/location":"southamerica-east1","cloud.googleapis.com/region":"southamerica-east1"},"metadata":{"@type":"type.googleapis.com/google.firestore.admin.v1.LocationMetadata"},"locationId":"southamerica-east1","displayName":"São Paulo"},{"name":"projects/moodsense-app-c37f0/locations/southamerica-west1","labels":{"cloud.googleapis.com/location":"southamerica-west1","cloud.googleapis.com/region":"southamerica-west1"},"metadata":{"@type":"type.googleapis.com/google.firestore.admin.v1.LocationMetadata"},"locationId":"southamerica-west1","displayName":"Santiago"},{"name":"projects/moodsense-app-c37f0/locations/us-central1","labels":{"cloud.googleapis.com/location":"us-central1","cloud.googleapis.com/region":"us-central1"},"metadata":{"@type":"type.googleapis.com/google.firestore.admin.v1.LocationMetadata"},"locationId":"us-central1","displayName":"Iowa"},{"name":"projects/moodsense-app-c37f0/locations/us-east1","labels":{"appengine.googleapis.com/region":"us-east1","cloud.googleapis.com/location":"us-east1","cloud.googleapis.com/region":"us-east1"},"metadata":{"@type":"type.googleapis.com/google.firestore.admin.v1.LocationMetadata"},"locationId":"us-east1","displayName":"South Carolina"},{"name":"projects/moodsense-app-c37f0/locations/us-east4","labels":{"appengine.googleapis.com/region":"us-east4","cloud.googleapis.com/location":"us-east4","cloud.googleapis.com/region":"us-east4"},"metadata":{"@type":"type.googleapis.com/google.firestore.admin.v1.LocationMetadata"},"locationId":"us-east4","displayName":"Northern Virginia"},{"name":"projects/moodsense-app-c37f0/locations/us-east5","labels":{"cloud.googleapis.com/location":"us-east5","cloud.googleapis.com/region":"us-east5"},"metadata":{"@type":"type.googleapis.com/google.firestore.admin.v1.LocationMetadata"},"locationId":"us-east5","displayName":"Columbus"},{"name":"projects/moodsense-app-c37f0/locations/us-south1","labels":{"cloud.googleapis.com/location":"us-south1","cloud.googleapis.com/region":"us-south1"},"metadata":{"@type":"type.googleapis.com/google.firestore.admin.v1.LocationMetadata"},"locationId":"us-south1","displayName":"Dallas"},{"name":"projects/moodsense-app-c37f0/locations/us-west1","labels":{"appengine.googleapis.com/region":"us-west1","cloud.googleapis.com/location":"us-west1","cloud.googleapis.com/region":"us-west1"},"metadata":{"@type":"type.googleapis.com/google.firestore.admin.v1.LocationMetadata"},"locationId":"us-west1","displayName":"Oregon"},{"name":"projects/moodsense-app-c37f0/locations/us-west2","labels":{"appengine.googleapis.com/region":"us-west2","cloud.googleapis.com/location":"us-west2","cloud.googleapis.com/region":"us-west2"},"metadata":{"@type":"type.googleapis.com/google.firestore.admin.v1.LocationMetadata"},"locationId":"us-west2","displayName":"Los Angeles"},{"name":"projects/moodsense-app-c37f0/locations/us-west3","labels":{"appengine.googleapis.com/region":"us-west3","cloud.googleapis.com/location":"us-west3","cloud.googleapis.com/region":"us-west3"},"metadata":{"@type":"type.googleapis.com/google.firestore.admin.v1.LocationMetadata"},"locationId":"us-west3","displayName":"Salt Lake City"},{"name":"projects/moodsense-app-c37f0/locations/us-west4","labels":{"appengine.googleapis.com/region":"us-west4","cloud.googleapis.com/location":"us-west4","cloud.googleapis.com/region":"us-west4"},"metadata":{"@type":"type.googleapis.com/google.firestore.admin.v1.LocationMetadata"},"locationId":"us-west4","displayName":"Las Vegas"},{"name":"projects/moodsense-app-c37f0/locations/us-west8","labels":{"cloud.googleapis.com/location":"us-west8","cloud.googleapis.com/region":"us-west8"},"metadata":{"@type":"type.googleapis.com/google.firestore.admin.v1.LocationMetadata"},"locationId":"us-west8","displayName":"Phoenix"}]}
[info] 
[info] Firestore Security Rules allow you to define how and when to allow
[info] requests. You can keep these rules in your project directory
[info] and publish them with firebase deploy.
[info] 
[debug] [2025-06-12T18:53:23.234Z] Checked if tokens are valid: true, expires at: 1749757776185
[debug] [2025-06-12T18:53:23.234Z] Checked if tokens are valid: true, expires at: 1749757776185
[debug] [2025-06-12T18:53:23.235Z] >>> [apiv2][query] GET https://firebaserules.googleapis.com/v1/projects/moodsense-app-c37f0/releases pageSize=10&pageToken=
[debug] [2025-06-12T18:53:29.863Z] <<< [apiv2][status] GET https://firebaserules.googleapis.com/v1/projects/moodsense-app-c37f0/releases 503
[debug] [2025-06-12T18:53:29.863Z] <<< [apiv2][body] GET https://firebaserules.googleapis.com/v1/projects/moodsense-app-c37f0/releases {"error":{"code":503,"message":"Policy checks are unavailable.","status":"UNAVAILABLE"}}
[error] 
[error] Error: Request to https://firebaserules.googleapis.com/v1/projects/moodsense-app-c37f0/releases?pageSize=10&pageToken= had HTTP Error: 503, Policy checks are unavailable.
[debug] [2025-06-12T18:53:30.143Z] Error Context: {
  "body": {
    "error": {
      "code": 503,
      "message": "Policy checks are unavailable.",
      "status": "UNAVAILABLE"
    }
  },
  "response": {
    "statusCode": 503
  }
}
